c:\users\artur\onedrive\documents\uncg work\summer 19\csc 261\visual-studio programs\assignments\assignment 4\question02\windows32\debug\vc142.pdb
c:\users\artur\onedrive\documents\uncg work\summer 19\csc 261\visual-studio programs\assignments\assignment 4\question02\windows32\debug\vc142.idb
c:\users\artur\onedrive\documents\uncg work\summer 19\csc 261\visual-studio programs\assignments\assignment 4\question02\windows32\debug\framework.obj
c:\users\artur\onedrive\documents\uncg work\summer 19\csc 261\visual-studio programs\assignments\assignment 4\question02\windows32\debug\framework.cod
c:\users\artur\onedrive\documents\uncg work\summer 19\csc 261\visual-studio programs\assignments\assignment 4\question02\debug\windows32.exe
c:\users\artur\onedrive\documents\uncg work\summer 19\csc 261\visual-studio programs\assignments\assignment 4\question02\debug\windows32.ilk
c:\users\artur\onedrive\documents\uncg work\summer 19\csc 261\visual-studio programs\assignments\assignment 4\question02\debug\windows32.map
c:\users\artur\onedrive\documents\uncg work\summer 19\csc 261\visual-studio programs\assignments\assignment 4\question02\debug\windows32.pdb
c:\users\artur\onedrive\documents\uncg work\summer 19\csc 261\visual-studio programs\assignments\assignment 4\question02\windows32\debug\example.obj
c:\users\artur\onedrive\documents\uncg work\summer 19\csc 261\visual-studio programs\assignments\assignment 4\question02\windows32\debug\io.obj
c:\users\artur\onedrive\documents\uncg work\summer 19\csc 261\visual-studio programs\assignments\assignment 4\question02\windows32\debug\framework.res
c:\users\artur\onedrive\documents\uncg work\summer 19\csc 261\visual-studio programs\assignments\assignment 4\question02\windows32\debug\windows32.tlog\cl.command.1.tlog
c:\users\artur\onedrive\documents\uncg work\summer 19\csc 261\visual-studio programs\assignments\assignment 4\question02\windows32\debug\windows32.tlog\cl.read.1.tlog
c:\users\artur\onedrive\documents\uncg work\summer 19\csc 261\visual-studio programs\assignments\assignment 4\question02\windows32\debug\windows32.tlog\cl.write.1.tlog
c:\users\artur\onedrive\documents\uncg work\summer 19\csc 261\visual-studio programs\assignments\assignment 4\question02\windows32\debug\windows32.tlog\link.command.1.tlog
c:\users\artur\onedrive\documents\uncg work\summer 19\csc 261\visual-studio programs\assignments\assignment 4\question02\windows32\debug\windows32.tlog\link.read.1.tlog
c:\users\artur\onedrive\documents\uncg work\summer 19\csc 261\visual-studio programs\assignments\assignment 4\question02\windows32\debug\windows32.tlog\link.write.1.tlog
c:\users\artur\onedrive\documents\uncg work\summer 19\csc 261\visual-studio programs\assignments\assignment 4\question02\windows32\debug\windows32.tlog\masm.read.1u.tlog
c:\users\artur\onedrive\documents\uncg work\summer 19\csc 261\visual-studio programs\assignments\assignment 4\question02\windows32\debug\windows32.tlog\masm.write.1u.tlog
c:\users\artur\onedrive\documents\uncg work\summer 19\csc 261\visual-studio programs\assignments\assignment 4\question02\windows32\debug\windows32.tlog\rc.command.1.tlog
c:\users\artur\onedrive\documents\uncg work\summer 19\csc 261\visual-studio programs\assignments\assignment 4\question02\windows32\debug\windows32.tlog\rc.read.1.tlog
c:\users\artur\onedrive\documents\uncg work\summer 19\csc 261\visual-studio programs\assignments\assignment 4\question02\windows32\debug\windows32.tlog\rc.write.1.tlog
